# JRE version: OpenJDK Runtime Environment (8.0_302-b08) (build 1.8.0_302-b08)
# Java VM: OpenJDK 64-Bit Server VM (25.302-b08 mixed mode windows-amd64 compressed oops)
Heap:
 PSYoungGen      total 76288K, used 68451K [0x00000000f5580000, 0x00000000fc100000, 0x0000000100000000)
  eden space 64000K, 91% used [0x00000000f5580000,0x00000000f8edf070,0x00000000f9400000)
  from space 12288K, 78% used [0x00000000f9400000,0x00000000f9d79f58,0x00000000fa000000)
  to   space 12800K, 0% used [0x00000000fb480000,0x00000000fb480000,0x00000000fc100000)
 ParOldGen       total 175104K, used 15247K [0x00000000e0000000, 0x00000000eab00000, 0x00000000f5580000)
  object space 175104K, 8% used [0x00000000e0000000,0x00000000e0ee3ee0,0x00000000eab00000)
 Metaspace       used 48132K, capacity 50206K, committed 50352K, reserved 1091584K
  class space    used 6849K, capacity 7249K, committed 7344K, reserved 1048576K
GC Heap History (10 events):
Event: 4.824 GC heap before
{Heap before GC invocations=7 (full 1):
 PSYoungGen      total 76288K, used 74965K [0x00000000f5580000, 0x00000000faa80000, 0x0000000100000000)
  eden space 65536K, 100% used [0x00000000f5580000,0x00000000f9580000,0x00000000f9580000)
  from space 10752K, 87% used [0x00000000f9580000,0x00000000f9eb5610,0x00000000fa000000)
  to   space 10752K, 0% used [0x00000000fa000000,0x00000000fa000000,0x00000000faa80000)
 ParOldGen       total 175104K, used 6617K [0x00000000e0000000, 0x00000000eab00000, 0x00000000f5580000)
  object space 175104K, 3% used [0x00000000e0000000,0x00000000e0676680,0x00000000eab00000)
 Metaspace       used 33032K, capacity 33902K, committed 34096K, reserved 1079296K
  class space    used 4616K, capacity 4867K, committed 4912K, reserved 1048576K
Event: 4.830 GC heap after
Heap after GC invocations=7 (full 1):
 PSYoungGen      total 76288K, used 9554K [0x00000000f5580000, 0x00000000faa80000, 0x0000000100000000)
  eden space 65536K, 0% used [0x00000000f5580000,0x00000000f5580000,0x00000000f9580000)
  from space 10752K, 88% used [0x00000000fa000000,0x00000000fa954920,0x00000000faa80000)
  to   space 10752K, 0% used [0x00000000f9580000,0x00000000f9580000,0x00000000fa000000)
 ParOldGen       total 175104K, used 6625K [0x00000000e0000000, 0x00000000eab00000, 0x00000000f5580000)
  object space 175104K, 3% used [0x00000000e0000000,0x00000000e0678680,0x00000000eab00000)
 Metaspace       used 33032K, capacity 33902K, committed 34096K, reserved 1079296K
  class space    used 4616K, capacity 4867K, committed 4912K, reserved 1048576K
}
Event: 5.058 GC heap before
{Heap before GC invocations=8 (full 1):
 PSYoungGen      total 76288K, used 46096K [0x00000000f5580000, 0x00000000faa80000, 0x0000000100000000)
  eden space 65536K, 55% used [0x00000000f5580000,0x00000000f792f9a0,0x00000000f9580000)
  from space 10752K, 88% used [0x00000000fa000000,0x00000000fa954920,0x00000000faa80000)
  to   space 10752K, 0% used [0x00000000f9580000,0x00000000f9580000,0x00000000fa000000)
 ParOldGen       total 175104K, used 6625K [0x00000000e0000000, 0x00000000eab00000, 0x00000000f5580000)
  object space 175104K, 3% used [0x00000000e0000000,0x00000000e0678680,0x00000000eab00000)
 Metaspace       used 34422K, capacity 35382K, committed 35496K, reserved 1079296K
  class space    used 4859K, capacity 5110K, committed 5168K, reserved 1048576K
Event: 5.064 GC heap after
Heap after GC invocations=8 (full 1):
 PSYoungGen      total 76288K, used 8947K [0x00000000f5580000, 0x00000000faa80000, 0x0000000100000000)
  eden space 65536K, 0% used [0x00000000f5580000,0x00000000f5580000,0x00000000f9580000)
  from space 10752K, 83% used [0x00000000f9580000,0x00000000f9e3cd68,0x00000000fa000000)
  to   space 10752K, 0% used [0x00000000fa000000,0x00000000fa000000,0x00000000faa80000)
 ParOldGen       total 175104K, used 6633K [0x00000000e0000000, 0x00000000eab00000, 0x00000000f5580000)
  object space 175104K, 3% used [0x00000000e0000000,0x00000000e067a680,0x00000000eab00000)
 Metaspace       used 34422K, capacity 35382K, committed 35496K, reserved 1079296K
  class space    used 4859K, capacity 5110K, committed 5168K, reserved 1048576K
}
Event: 5.064 GC heap before
{Heap before GC invocations=9 (full 2):
 PSYoungGen      total 76288K, used 8947K [0x00000000f5580000, 0x00000000faa80000, 0x0000000100000000)
  eden space 65536K, 0% used [0x00000000f5580000,0x00000000f5580000,0x00000000f9580000)
  from space 10752K, 83% used [0x00000000f9580000,0x00000000f9e3cd68,0x00000000fa000000)
  to   space 10752K, 0% used [0x00000000fa000000,0x00000000fa000000,0x00000000faa80000)
 ParOldGen       total 175104K, used 6633K [0x00000000e0000000, 0x00000000eab00000, 0x00000000f5580000)
  object space 175104K, 3% used [0x00000000e0000000,0x00000000e067a680,0x00000000eab00000)
 Metaspace       used 34422K, capacity 35382K, committed 35496K, reserved 1079296K
  class space    used 4859K, capacity 5110K, committed 5168K, reserved 1048576K
Event: 5.131 GC heap after
Heap after GC invocations=9 (full 2):
 PSYoungGen      total 76288K, used 0K [0x00000000f5580000, 0x00000000faa80000, 0x0000000100000000)
  eden space 65536K, 0% used [0x00000000f5580000,0x00000000f5580000,0x00000000f9580000)
  from space 10752K, 0% used [0x00000000f9580000,0x00000000f9580000,0x00000000fa000000)
  to   space 10752K, 0% used [0x00000000fa000000,0x00000000fa000000,0x00000000faa80000)
 ParOldGen       total 175104K, used 15231K [0x00000000e0000000, 0x00000000eab00000, 0x00000000f5580000)
  object space 175104K, 8% used [0x00000000e0000000,0x00000000e0edfee0,0x00000000eab00000)
 Metaspace       used 34422K, capacity 35382K, committed 35496K, reserved 1079296K
  class space    used 4859K, capacity 5110K, committed 5168K, reserved 1048576K
}
Event: 5.718 GC heap before
{Heap before GC invocations=10 (full 2):
 PSYoungGen      total 76288K, used 65536K [0x00000000f5580000, 0x00000000faa80000, 0x0000000100000000)
  eden space 65536K, 100% used [0x00000000f5580000,0x00000000f9580000,0x00000000f9580000)
  from space 10752K, 0% used [0x00000000f9580000,0x00000000f9580000,0x00000000fa000000)
  to   space 10752K, 0% used [0x00000000fa000000,0x00000000fa000000,0x00000000faa80000)
 ParOldGen       total 175104K, used 15231K [0x00000000e0000000, 0x00000000eab00000, 0x00000000f5580000)
  object space 175104K, 8% used [0x00000000e0000000,0x00000000e0edfee0,0x00000000eab00000)
 Metaspace       used 39326K, capacity 40862K, committed 41136K, reserved 1085440K
  class space    used 5686K, capacity 5987K, committed 6064K, reserved 1048576K
Event: 5.722 GC heap after
Heap after GC invocations=10 (full 2):
 PSYoungGen      total 74752K, used 6338K [0x00000000f5580000, 0x00000000fd200000, 0x0000000100000000)
  eden space 64000K, 0% used [0x00000000f5580000,0x00000000f5580000,0x00000000f9400000)
  from space 10752K, 58% used [0x00000000fa000000,0x00000000fa630828,0x00000000faa80000)
  to   space 12288K, 0% used [0x00000000f9400000,0x00000000f9400000,0x00000000fa000000)
 ParOldGen       total 175104K, used 15239K [0x00000000e0000000, 0x00000000eab00000, 0x00000000f5580000)
  object space 175104K, 8% used [0x00000000e0000000,0x00000000e0ee1ee0,0x00000000eab00000)
 Metaspace       used 39326K, capacity 40862K, committed 41136K, reserved 1085440K
  class space    used 5686K, capacity 5987K, committed 6064K, reserved 1048576K
}
Event: 6.556 GC heap before
{Heap before GC invocations=11 (full 2):
 PSYoungGen      total 74752K, used 70338K [0x00000000f5580000, 0x00000000fd200000, 0x0000000100000000)
  eden space 64000K, 100% used [0x00000000f5580000,0x00000000f9400000,0x00000000f9400000)
  from space 10752K, 58% used [0x00000000fa000000,0x00000000fa630828,0x00000000faa80000)
  to   space 12288K, 0% used [0x00000000f9400000,0x00000000f9400000,0x00000000fa000000)
 ParOldGen       total 175104K, used 15239K [0x00000000e0000000, 0x00000000eab00000, 0x00000000f5580000)
  object space 175104K, 8% used [0x00000000e0000000,0x00000000e0ee1ee0,0x00000000eab00000)
 Metaspace       used 46519K, capacity 48324K, committed 48560K, reserved 1091584K
  class space    used 6684K, capacity 7082K, committed 7088K, reserved 1048576K
Event: 6.565 GC heap after
Heap after GC invocations=11 (full 2):
 PSYoungGen      total 76288K, used 9703K [0x00000000f5580000, 0x00000000fc100000, 0x0000000100000000)
  eden space 64000K, 0% used [0x00000000f5580000,0x00000000f5580000,0x00000000f9400000)
  from space 12288K, 78% used [0x00000000f9400000,0x00000000f9d79f58,0x00000000fa000000)
  to   space 12800K, 0% used [0x00000000fb480000,0x00000000fb480000,0x00000000fc100000)
 ParOldGen       total 175104K, used 15247K [0x00000000e0000000, 0x00000000eab00000, 0x00000000f5580000)
  object space 175104K, 8% used [0x00000000e0000000,0x00000000e0ee3ee0,0x00000000eab00000)
 Metaspace       used 46519K, capacity 48324K, committed 48560K, reserved 1091584K
  class space    used 6684K, capacity 7082K, committed 7088K, reserved 1048576K
}

